Mar 11, 2015 8:03:35 PM org.apache.catalina.startup.Catalina stopServer
SEVERE: Could not contact localhost:8005. Tomcat may not be running.
Mar 11, 2015 8:03:35 PM org.apache.catalina.startup.Catalina stopServer
SEVERE: Catalina.stop: 
java.net.ConnectException: Connection refused: connect
	at java.net.DualStackPlainSocketImpl.connect0(Native Method)
	at java.net.DualStackPlainSocketImpl.socketConnect(DualStackPlainSocketImpl.java:79)
	at java.net.AbstractPlainSocketImpl.doConnect(AbstractPlainSocketImpl.java:345)
	at java.net.AbstractPlainSocketImpl.connectToAddress(AbstractPlainSocketImpl.java:206)
	at java.net.AbstractPlainSocketImpl.connect(AbstractPlainSocketImpl.java:188)
	at java.net.PlainSocketImpl.connect(PlainSocketImpl.java:172)
	at java.net.SocksSocketImpl.connect(SocksSocketImpl.java:392)
	at java.net.Socket.connect(Socket.java:589)
	at java.net.Socket.connect(Socket.java:538)
	at java.net.Socket.<init>(Socket.java:434)
	at java.net.Socket.<init>(Socket.java:211)
	at org.apache.catalina.startup.Catalina.stopServer(Catalina.java:498)
	at sun.reflect.NativeMethodAccessorImpl.invoke0(Native Method)
	at sun.reflect.NativeMethodAccessorImpl.invoke(NativeMethodAccessorImpl.java:62)
	at sun.reflect.DelegatingMethodAccessorImpl.invoke(DelegatingMethodAccessorImpl.java:43)
	at java.lang.reflect.Method.invoke(Method.java:483)
	at org.apache.catalina.startup.Bootstrap.stopServer(Bootstrap.java:370)
	at org.apache.catalina.startup.Bootstrap.main(Bootstrap.java:457)

Mar 11, 2015 8:03:42 PM org.apache.catalina.startup.VersionLoggerListener log
INFO: Server version:        Apache Tomcat/7.0.59
Mar 11, 2015 8:03:42 PM org.apache.catalina.startup.VersionLoggerListener log
INFO: Server built:          Jan 28 2015 15:51:10 UTC
Mar 11, 2015 8:03:42 PM org.apache.catalina.startup.VersionLoggerListener log
INFO: Server number:         7.0.59.0
Mar 11, 2015 8:03:42 PM org.apache.catalina.startup.VersionLoggerListener log
INFO: OS Name:               Windows 8.1
Mar 11, 2015 8:03:42 PM org.apache.catalina.startup.VersionLoggerListener log
INFO: OS Version:            6.3
Mar 11, 2015 8:03:42 PM org.apache.catalina.startup.VersionLoggerListener log
INFO: Architecture:          amd64
Mar 11, 2015 8:03:42 PM org.apache.catalina.startup.VersionLoggerListener log
INFO: Java Home:             c:\Program Files\Java\jdk1.8.0_11\jre
Mar 11, 2015 8:03:42 PM org.apache.catalina.startup.VersionLoggerListener log
INFO: JVM Version:           1.8.0_11-b12
Mar 11, 2015 8:03:42 PM org.apache.catalina.startup.VersionLoggerListener log
INFO: JVM Vendor:            Oracle Corporation
Mar 11, 2015 8:03:42 PM org.apache.catalina.startup.VersionLoggerListener log
INFO: CATALINA_BASE:         c:\Users\collin\IdeaProjects\project/tomcat
Mar 11, 2015 8:03:42 PM org.apache.catalina.startup.VersionLoggerListener log
INFO: CATALINA_HOME:         c:\Users\collin\IdeaProjects\project/tomcat
Mar 11, 2015 8:03:42 PM org.apache.catalina.startup.VersionLoggerListener log
INFO: Command line argument: -Djava.util.logging.config.file=c:\Users\collin\IdeaProjects\project/tomcat\conf\logging.properties
Mar 11, 2015 8:03:42 PM org.apache.catalina.startup.VersionLoggerListener log
INFO: Command line argument: -Djava.util.logging.manager=org.apache.juli.ClassLoaderLogManager
Mar 11, 2015 8:03:42 PM org.apache.catalina.startup.VersionLoggerListener log
INFO: Command line argument: -Xms512m
Mar 11, 2015 8:03:42 PM org.apache.catalina.startup.VersionLoggerListener log
INFO: Command line argument: -Xmx1024m
Mar 11, 2015 8:03:42 PM org.apache.catalina.startup.VersionLoggerListener log
INFO: Command line argument: -XX:MaxPermSize=256M
Mar 11, 2015 8:03:42 PM org.apache.catalina.startup.VersionLoggerListener log
INFO: Command line argument: -XX:+CMSClassUnloadingEnabled
Mar 11, 2015 8:03:42 PM org.apache.catalina.startup.VersionLoggerListener log
INFO: Command line argument: -XX:+CMSPermGenSweepingEnabled
Mar 11, 2015 8:03:42 PM org.apache.catalina.startup.VersionLoggerListener log
INFO: Command line argument: -agentlib:jdwp=transport=dt_socket,address=20004,server=y,suspend=n
Mar 11, 2015 8:03:42 PM org.apache.catalina.startup.VersionLoggerListener log
INFO: Command line argument: -Djava.endorsed.dirs=c:\Users\collin\IdeaProjects\project/tomcat\endorsed
Mar 11, 2015 8:03:42 PM org.apache.catalina.startup.VersionLoggerListener log
INFO: Command line argument: -Dcatalina.base=c:\Users\collin\IdeaProjects\project/tomcat
Mar 11, 2015 8:03:42 PM org.apache.catalina.startup.VersionLoggerListener log
INFO: Command line argument: -Dcatalina.home=c:\Users\collin\IdeaProjects\project/tomcat
Mar 11, 2015 8:03:42 PM org.apache.catalina.startup.VersionLoggerListener log
INFO: Command line argument: -Djava.io.tmpdir=c:\Users\collin\IdeaProjects\project/tomcat\temp
Mar 11, 2015 8:03:42 PM org.apache.catalina.core.AprLifecycleListener lifecycleEvent
INFO: The APR based Apache Tomcat Native library which allows optimal performance in production environments was not found on the java.library.path: c:\Program Files\Java\jdk1.8.0_11\bin;C:\WINDOWS\Sun\Java\bin;C:\WINDOWS\system32;C:\WINDOWS;c:\Users\collin\bin;.;C:\RailsInstaller\Git\local\bin;C:\RailsInstaller\Git\mingw\bin;C:\RailsInstaller\Git\bin;c:\ProgramData\Oracle\Java\javapath;c:\Program Files\nodejs;c:\Program Files\PostgreSQL\9.3\bin;c:\Program Files\PostgreSQL\9.3\lib;c:\Program Files (x86)\Java\jre7\bin;c:\HashiCorp\Vagrant\bin;c:\Program Files (x86)\GtkSharp\2.12\bin;c:\Ruby21\bin;C:\RailsInstaller\Git\cmd;c:\RailsInstaller\Ruby1.9.3\bin;c:\Users\collin\AppData\Roaming\npm;c:\PostgreSQL\lib;c:\Program Files (x86)\Java\jre7\bin;c:\Program Files (x86)\Apache Software Foundation\apache-maven-3.2.5\bin;c:\Program Files (x86)\Apache Software Foundation\apache-ant-1.9.4\bin;c:\oracle\bin;.
Mar 11, 2015 8:03:43 PM org.apache.coyote.AbstractProtocol init
INFO: Initializing ProtocolHandler ["http-bio-8080"]
Mar 11, 2015 8:03:43 PM org.apache.coyote.AbstractProtocol init
INFO: Initializing ProtocolHandler ["ajp-bio-8009"]
Mar 11, 2015 8:03:43 PM org.apache.catalina.startup.Catalina load
INFO: Initialization processed in 1781 ms
Mar 11, 2015 8:03:43 PM org.apache.catalina.core.StandardService startInternal
INFO: Starting service Catalina
Mar 11, 2015 8:03:43 PM org.apache.catalina.core.StandardEngine startInternal
INFO: Starting Servlet Engine: Apache Tomcat/7.0.59
Mar 11, 2015 8:03:43 PM org.apache.catalina.startup.HostConfig deployWAR
INFO: Deploying web application archive C:\Users\collin\IdeaProjects\project\tomcat\webapps\data-stuff-dev.war
Mar 11, 2015 8:03:48 PM org.apache.catalina.util.SessionIdGeneratorBase createSecureRandom
INFO: Creation of SecureRandom instance for session ID generation using [SHA1PRNG] took [382] milliseconds.
Mar 11, 2015 8:03:49 PM org.apache.catalina.startup.HostConfig deployWAR
INFO: Deployment of web application archive C:\Users\collin\IdeaProjects\project\tomcat\webapps\data-stuff-dev.war has finished in 5,363 ms
Mar 11, 2015 8:03:49 PM org.apache.catalina.startup.HostConfig deployDirectory
INFO: Deploying web application directory C:\Users\collin\IdeaProjects\project\tomcat\webapps\docs
Mar 11, 2015 8:03:49 PM org.apache.catalina.startup.HostConfig deployDirectory
INFO: Deployment of web application directory C:\Users\collin\IdeaProjects\project\tomcat\webapps\docs has finished in 120 ms
Mar 11, 2015 8:03:49 PM org.apache.catalina.startup.HostConfig deployDirectory
INFO: Deploying web application directory C:\Users\collin\IdeaProjects\project\tomcat\webapps\examples
Mar 11, 2015 8:03:50 PM org.apache.catalina.startup.HostConfig deployDirectory
INFO: Deployment of web application directory C:\Users\collin\IdeaProjects\project\tomcat\webapps\examples has finished in 1,214 ms
Mar 11, 2015 8:03:50 PM org.apache.catalina.startup.HostConfig deployDirectory
INFO: Deploying web application directory C:\Users\collin\IdeaProjects\project\tomcat\webapps\host-manager
Mar 11, 2015 8:03:50 PM org.apache.catalina.startup.HostConfig deployDirectory
INFO: Deployment of web application directory C:\Users\collin\IdeaProjects\project\tomcat\webapps\host-manager has finished in 197 ms
Mar 11, 2015 8:03:50 PM org.apache.catalina.startup.HostConfig deployDirectory
INFO: Deploying web application directory C:\Users\collin\IdeaProjects\project\tomcat\webapps\manager
Mar 11, 2015 8:03:50 PM org.apache.catalina.startup.HostConfig deployDirectory
INFO: Deployment of web application directory C:\Users\collin\IdeaProjects\project\tomcat\webapps\manager has finished in 160 ms
Mar 11, 2015 8:03:50 PM org.apache.catalina.startup.HostConfig deployDirectory
INFO: Deploying web application directory C:\Users\collin\IdeaProjects\project\tomcat\webapps\ROOT
Mar 11, 2015 8:03:51 PM org.apache.catalina.startup.HostConfig deployDirectory
INFO: Deployment of web application directory C:\Users\collin\IdeaProjects\project\tomcat\webapps\ROOT has finished in 93 ms
Mar 11, 2015 8:03:51 PM org.apache.coyote.AbstractProtocol start
INFO: Starting ProtocolHandler ["http-bio-8080"]
Mar 11, 2015 8:03:51 PM org.apache.coyote.AbstractProtocol start
INFO: Starting ProtocolHandler ["ajp-bio-8009"]
Mar 11, 2015 8:03:51 PM org.apache.catalina.startup.Catalina start
INFO: Server startup in 7440 ms
